# JRE version: Java(TM) SE Runtime Environment (8.0_25-b17) (build 1.8.0_25-b17)
# Java VM: Java HotSpot(TM) 64-Bit Server VM (25.25-b02 mixed mode bsd-amd64 compressed oops)
Heap:
 PSYoungGen      total 268288K, used 72433K [0x0000000795580000, 0x00000007b9680000, 0x00000007c0000000)
  eden space 266240K, 27% used [0x0000000795580000,0x0000000799c3c748,0x00000007a5980000)
  from space 2048K, 0% used [0x00000007a5980000,0x00000007a5980000,0x00000007a5b80000)
  to   space 82432K, 0% used [0x00000007b4600000,0x00000007b4600000,0x00000007b9680000)
 ParOldGen       total 195584K, used 70300K [0x0000000740000000, 0x000000074bf00000, 0x0000000795580000)
  object space 195584K, 35% used [0x0000000740000000,0x00000007444a7010,0x000000074bf00000)
 Metaspace       used 8213K, capacity 8387K, committed 8576K, reserved 1056768K
  class space    used 822K, capacity 858K, committed 896K, reserved 1048576K
GC Heap History (10 events):
Event: 1.146 GC heap before
{Heap before GC invocations=6 (full 0):
 PSYoungGen      total 71680K, used 68221K [0x0000000795580000, 0x000000079db80000, 0x00000007c0000000)
  eden space 66560K, 100% used [0x0000000795580000,0x0000000799680000,0x0000000799680000)
  from space 5120K, 32% used [0x0000000799680000,0x000000079981f420,0x0000000799b80000)
  to   space 2048K, 0% used [0x000000079d980000,0x000000079d980000,0x000000079db80000)
 ParOldGen       total 87552K, used 32K [0x0000000740000000, 0x0000000745580000, 0x0000000795580000)
  object space 87552K, 0% used [0x0000000740000000,0x0000000740008000,0x0000000745580000)
 Metaspace       used 6587K, capacity 6753K, committed 6912K, reserved 1056768K
  class space    used 652K, capacity 697K, committed 768K, reserved 1048576K
Event: 1.150 GC heap after
Heap after GC invocations=6 (full 0):
 PSYoungGen      total 135168K, used 1851K [0x0000000795580000, 0x000000079db80000, 0x00000007c0000000)
  eden space 133120K, 0% used [0x0000000795580000,0x0000000795580000,0x000000079d780000)
  from space 2048K, 90% used [0x000000079d980000,0x000000079db4ef50,0x000000079db80000)
  to   space 2048K, 0% used [0x000000079d780000,0x000000079d780000,0x000000079d980000)
 ParOldGen       total 87552K, used 40K [0x0000000740000000, 0x0000000745580000, 0x0000000795580000)
  object space 87552K, 0% used [0x0000000740000000,0x000000074000a000,0x0000000745580000)
 Metaspace       used 6587K, capacity 6753K, committed 6912K, reserved 1056768K
  class space    used 652K, capacity 697K, committed 768K, reserved 1048576K
}
Event: 1.340 GC heap before
{Heap before GC invocations=7 (full 0):
 PSYoungGen      total 135168K, used 134971K [0x0000000795580000, 0x000000079db80000, 0x00000007c0000000)
  eden space 133120K, 100% used [0x0000000795580000,0x000000079d780000,0x000000079d780000)
  from space 2048K, 90% used [0x000000079d980000,0x000000079db4ef50,0x000000079db80000)
  to   space 2048K, 0% used [0x000000079d780000,0x000000079d780000,0x000000079d980000)
 ParOldGen       total 87552K, used 40K [0x0000000740000000, 0x0000000745580000, 0x0000000795580000)
  object space 87552K, 0% used [0x0000000740000000,0x000000074000a000,0x0000000745580000)
 Metaspace       used 6587K, capacity 6753K, committed 6912K, reserved 1056768K
  class space    used 652K, capacity 697K, committed 768K, reserved 1048576K
Event: 1.344 GC heap after
Heap after GC invocations=7 (full 0):
 PSYoungGen      total 135168K, used 1085K [0x0000000795580000, 0x00000007a5e80000, 0x00000007c0000000)
  eden space 133120K, 0% used [0x0000000795580000,0x0000000795580000,0x000000079d780000)
  from space 2048K, 53% used [0x000000079d780000,0x000000079d88f798,0x000000079d980000)
  to   space 2560K, 0% used [0x00000007a5c00000,0x00000007a5c00000,0x00000007a5e80000)
 ParOldGen       total 87552K, used 1344K [0x0000000740000000, 0x0000000745580000, 0x0000000795580000)
  object space 87552K, 1% used [0x0000000740000000,0x0000000740150360,0x0000000745580000)
 Metaspace       used 6587K, capacity 6753K, committed 6912K, reserved 1056768K
  class space    used 652K, capacity 697K, committed 768K, reserved 1048576K
}
Event: 1.461 GC heap before
{Heap before GC invocations=8 (full 0):
 PSYoungGen      total 135168K, used 134205K [0x0000000795580000, 0x00000007a5e80000, 0x00000007c0000000)
  eden space 133120K, 100% used [0x0000000795580000,0x000000079d780000,0x000000079d780000)
  from space 2048K, 53% used [0x000000079d780000,0x000000079d88f798,0x000000079d980000)
  to   space 2560K, 0% used [0x00000007a5c00000,0x00000007a5c00000,0x00000007a5e80000)
 ParOldGen       total 87552K, used 1344K [0x0000000740000000, 0x0000000745580000, 0x0000000795580000)
  object space 87552K, 1% used [0x0000000740000000,0x0000000740150360,0x0000000745580000)
 Metaspace       used 6588K, capacity 6753K, committed 6912K, reserved 1056768K
  class space    used 652K, capacity 697K, committed 768K, reserved 1048576K
Event: 1.464 GC heap after
Heap after GC invocations=8 (full 0):
 PSYoungGen      total 267776K, used 1466K [0x0000000795580000, 0x00000007a5d80000, 0x00000007c0000000)
  eden space 266240K, 0% used [0x0000000795580000,0x0000000795580000,0x00000007a5980000)
  from space 1536K, 95% used [0x00000007a5c00000,0x00000007a5d6ea18,0x00000007a5d80000)
  to   space 2048K, 0% used [0x00000007a5980000,0x00000007a5980000,0x00000007a5b80000)
 ParOldGen       total 87552K, used 1488K [0x0000000740000000, 0x0000000745580000, 0x0000000795580000)
  object space 87552K, 1% used [0x0000000740000000,0x0000000740174360,0x0000000745580000)
 Metaspace       used 6588K, capacity 6753K, committed 6912K, reserved 1056768K
  class space    used 652K, capacity 697K, committed 768K, reserved 1048576K
}
Event: 2.296 GC heap before
{Heap before GC invocations=9 (full 0):
 PSYoungGen      total 267776K, used 225348K [0x0000000795580000, 0x00000007a5d80000, 0x00000007c0000000)
  eden space 266240K, 84% used [0x0000000795580000,0x00000007a30225e8,0x00000007a5980000)
  from space 1536K, 95% used [0x00000007a5c00000,0x00000007a5d6ea18,0x00000007a5d80000)
  to   space 2048K, 0% used [0x00000007a5980000,0x00000007a5980000,0x00000007a5b80000)
 ParOldGen       total 87552K, used 1488K [0x0000000740000000, 0x0000000745580000, 0x0000000795580000)
  object space 87552K, 1% used [0x0000000740000000,0x0000000740174360,0x0000000745580000)
 Metaspace       used 8102K, capacity 8325K, committed 8576K, reserved 1056768K
  class space    used 819K, capacity 859K, committed 896K, reserved 1048576K
Event: 2.377 GC heap after
Heap after GC invocations=9 (full 0):
 PSYoungGen      total 268288K, used 2046K [0x0000000795580000, 0x00000007b9680000, 0x00000007c0000000)
  eden space 266240K, 0% used [0x0000000795580000,0x0000000795580000,0x00000007a5980000)
  from space 2048K, 99% used [0x00000007a5980000,0x00000007a5b7fba0,0x00000007a5b80000)
  to   space 82432K, 0% used [0x00000007b4600000,0x00000007b4600000,0x00000007b9680000)
 ParOldGen       total 219648K, used 199349K [0x0000000740000000, 0x000000074d680000, 0x0000000795580000)
  object space 219648K, 90% used [0x0000000740000000,0x000000074c2ad728,0x000000074d680000)
 Metaspace       used 8102K, capacity 8325K, committed 8576K, reserved 1056768K
  class space    used 819K, capacity 859K, committed 896K, reserved 1048576K
}
Event: 2.377 GC heap before
{Heap before GC invocations=10 (full 1):
 PSYoungGen      total 268288K, used 2046K [0x0000000795580000, 0x00000007b9680000, 0x00000007c0000000)
  eden space 266240K, 0% used [0x0000000795580000,0x0000000795580000,0x00000007a5980000)
  from space 2048K, 99% used [0x00000007a5980000,0x00000007a5b7fba0,0x00000007a5b80000)
  to   space 82432K, 0% used [0x00000007b4600000,0x00000007b4600000,0x00000007b9680000)
 ParOldGen       total 219648K, used 199349K [0x0000000740000000, 0x000000074d680000, 0x0000000795580000)
  object space 219648K, 90% used [0x0000000740000000,0x000000074c2ad728,0x000000074d680000)
 Metaspace       used 8102K, capacity 8325K, committed 8576K, reserved 1056768K
  class space    used 819K, capacity 859K, committed 896K, reserved 1048576K
Event: 2.430 GC heap after
Heap after GC invocations=10 (full 1):
 PSYoungGen      total 268288K, used 0K [0x0000000795580000, 0x00000007b9680000, 0x00000007c0000000)
  eden space 266240K, 0% used [0x0000000795580000,0x0000000795580000,0x00000007a5980000)
  from space 2048K, 0% used [0x00000007a5980000,0x00000007a5980000,0x00000007a5b80000)
  to   space 82432K, 0% used [0x00000007b4600000,0x00000007b4600000,0x00000007b9680000)
 ParOldGen       total 195584K, used 70300K [0x0000000740000000, 0x000000074bf00000, 0x0000000795580000)
  object space 195584K, 35% used [0x0000000740000000,0x00000007444a7010,0x000000074bf00000)
 Metaspace       used 8100K, capacity 8323K, committed 8576K, reserved 1056768K
  class space    used 818K, capacity 858K, committed 896K, reserved 1048576K
}

