# JRE version: Java(TM) SE Runtime Environment (8.0_25-b17) (build 1.8.0_25-b17)
# Java VM: Java HotSpot(TM) 64-Bit Server VM (25.25-b02 mixed mode bsd-amd64 compressed oops)
Heap:
 PSYoungGen      total 427008K, used 219354K [0x0000000795580000, 0x00000007afd80000, 0x00000007c0000000)
  eden space 424448K, 51% used [0x0000000795580000,0x00000007a2938ca0,0x00000007af400000)
  from space 2560K, 99% used [0x00000007af800000,0x00000007afa7de98,0x00000007afa80000)
  to   space 4096K, 0% used [0x00000007af400000,0x00000007af400000,0x00000007af800000)
 ParOldGen       total 87552K, used 4538K [0x0000000740000000, 0x0000000745580000, 0x0000000795580000)
  object space 87552K, 5% used [0x0000000740000000,0x000000074046e860,0x0000000745580000)
 Metaspace       used 8238K, capacity 8389K, committed 8576K, reserved 1056768K
  class space    used 823K, capacity 859K, committed 896K, reserved 1048576K
GC Heap History (10 events):
Event: 1.359 GC heap before
{Heap before GC invocations=6 (full 0):
 PSYoungGen      total 71680K, used 68201K [0x0000000795580000, 0x000000079db80000, 0x00000007c0000000)
  eden space 66560K, 100% used [0x0000000795580000,0x0000000799680000,0x0000000799680000)
  from space 5120K, 32% used [0x0000000799680000,0x000000079981a4f0,0x0000000799b80000)
  to   space 2048K, 0% used [0x000000079d980000,0x000000079d980000,0x000000079db80000)
 ParOldGen       total 87552K, used 32K [0x0000000740000000, 0x0000000745580000, 0x0000000795580000)
  object space 87552K, 0% used [0x0000000740000000,0x0000000740008000,0x0000000745580000)
 Metaspace       used 6551K, capacity 6689K, committed 6912K, reserved 1056768K
  class space    used 652K, capacity 697K, committed 768K, reserved 1048576K
Event: 1.363 GC heap after
Heap after GC invocations=6 (full 0):
 PSYoungGen      total 135168K, used 1803K [0x0000000795580000, 0x000000079db80000, 0x00000007c0000000)
  eden space 133120K, 0% used [0x0000000795580000,0x0000000795580000,0x000000079d780000)
  from space 2048K, 88% used [0x000000079d980000,0x000000079db42e30,0x000000079db80000)
  to   space 2048K, 0% used [0x000000079d780000,0x000000079d780000,0x000000079d980000)
 ParOldGen       total 87552K, used 40K [0x0000000740000000, 0x0000000745580000, 0x0000000795580000)
  object space 87552K, 0% used [0x0000000740000000,0x000000074000a000,0x0000000745580000)
 Metaspace       used 6551K, capacity 6689K, committed 6912K, reserved 1056768K
  class space    used 652K, capacity 697K, committed 768K, reserved 1048576K
}
Event: 1.634 GC heap before
{Heap before GC invocations=7 (full 0):
 PSYoungGen      total 135168K, used 134923K [0x0000000795580000, 0x000000079db80000, 0x00000007c0000000)
  eden space 133120K, 100% used [0x0000000795580000,0x000000079d780000,0x000000079d780000)
  from space 2048K, 88% used [0x000000079d980000,0x000000079db42e30,0x000000079db80000)
  to   space 2048K, 0% used [0x000000079d780000,0x000000079d780000,0x000000079d980000)
 ParOldGen       total 87552K, used 40K [0x0000000740000000, 0x0000000745580000, 0x0000000795580000)
  object space 87552K, 0% used [0x0000000740000000,0x000000074000a000,0x0000000745580000)
 Metaspace       used 6595K, capacity 6753K, committed 6912K, reserved 1056768K
  class space    used 652K, capacity 697K, committed 768K, reserved 1048576K
Event: 1.638 GC heap after
Heap after GC invocations=7 (full 0):
 PSYoungGen      total 135168K, used 919K [0x0000000795580000, 0x00000007a5e80000, 0x00000007c0000000)
  eden space 133120K, 0% used [0x0000000795580000,0x0000000795580000,0x000000079d780000)
  from space 2048K, 44% used [0x000000079d780000,0x000000079d865c40,0x000000079d980000)
  to   space 2560K, 0% used [0x00000007a5c00000,0x00000007a5c00000,0x00000007a5e80000)
 ParOldGen       total 87552K, used 1320K [0x0000000740000000, 0x0000000745580000, 0x0000000795580000)
  object space 87552K, 1% used [0x0000000740000000,0x000000074014a1b8,0x0000000745580000)
 Metaspace       used 6595K, capacity 6753K, committed 6912K, reserved 1056768K
  class space    used 652K, capacity 697K, committed 768K, reserved 1048576K
}
Event: 1.767 GC heap before
{Heap before GC invocations=8 (full 0):
 PSYoungGen      total 135168K, used 134039K [0x0000000795580000, 0x00000007a5e80000, 0x00000007c0000000)
  eden space 133120K, 100% used [0x0000000795580000,0x000000079d780000,0x000000079d780000)
  from space 2048K, 44% used [0x000000079d780000,0x000000079d865c40,0x000000079d980000)
  to   space 2560K, 0% used [0x00000007a5c00000,0x00000007a5c00000,0x00000007a5e80000)
 ParOldGen       total 87552K, used 1320K [0x0000000740000000, 0x0000000745580000, 0x0000000795580000)
  object space 87552K, 1% used [0x0000000740000000,0x000000074014a1b8,0x0000000745580000)
 Metaspace       used 6595K, capacity 6753K, committed 6912K, reserved 1056768K
  class space    used 652K, capacity 697K, committed 768K, reserved 1048576K
Event: 1.770 GC heap after
Heap after GC invocations=8 (full 0):
 PSYoungGen      total 267776K, used 1364K [0x0000000795580000, 0x00000007a5d80000, 0x00000007c0000000)
  eden space 266240K, 0% used [0x0000000795580000,0x0000000795580000,0x00000007a5980000)
  from space 1536K, 88% used [0x00000007a5c00000,0x00000007a5d55340,0x00000007a5d80000)
  to   space 2048K, 0% used [0x00000007a5980000,0x00000007a5980000,0x00000007a5b80000)
 ParOldGen       total 87552K, used 1493K [0x0000000740000000, 0x0000000745580000, 0x0000000795580000)
  object space 87552K, 1% used [0x0000000740000000,0x0000000740175430,0x0000000745580000)
 Metaspace       used 6595K, capacity 6753K, committed 6912K, reserved 1056768K
  class space    used 652K, capacity 697K, committed 768K, reserved 1048576K
}
Event: 2.052 GC heap before
{Heap before GC invocations=9 (full 0):
 PSYoungGen      total 267776K, used 267604K [0x0000000795580000, 0x00000007a5d80000, 0x00000007c0000000)
  eden space 266240K, 100% used [0x0000000795580000,0x00000007a5980000,0x00000007a5980000)
  from space 1536K, 88% used [0x00000007a5c00000,0x00000007a5d55340,0x00000007a5d80000)
  to   space 2048K, 0% used [0x00000007a5980000,0x00000007a5980000,0x00000007a5b80000)
 ParOldGen       total 87552K, used 1493K [0x0000000740000000, 0x0000000745580000, 0x0000000795580000)
  object space 87552K, 1% used [0x0000000740000000,0x0000000740175430,0x0000000745580000)
 Metaspace       used 6603K, capacity 6753K, committed 6912K, reserved 1056768K
  class space    used 652K, capacity 697K, committed 768K, reserved 1048576K
Event: 2.060 GC heap after
Heap after GC invocations=9 (full 0):
 PSYoungGen      total 268288K, used 2021K [0x0000000795580000, 0x00000007afa80000, 0x00000007c0000000)
  eden space 266240K, 0% used [0x0000000795580000,0x0000000795580000,0x00000007a5980000)
  from space 2048K, 98% used [0x00000007a5980000,0x00000007a5b795e0,0x00000007a5b80000)
  to   space 2560K, 0% used [0x00000007af800000,0x00000007af800000,0x00000007afa80000)
 ParOldGen       total 87552K, used 1891K [0x0000000740000000, 0x0000000745580000, 0x0000000795580000)
  object space 87552K, 2% used [0x0000000740000000,0x00000007401d8fd8,0x0000000745580000)
 Metaspace       used 6603K, capacity 6753K, committed 6912K, reserved 1056768K
  class space    used 652K, capacity 697K, committed 768K, reserved 1048576K
}
Event: 2.343 GC heap before
{Heap before GC invocations=10 (full 0):
 PSYoungGen      total 268288K, used 214008K [0x0000000795580000, 0x00000007afa80000, 0x00000007c0000000)
  eden space 266240K, 79% used [0x0000000795580000,0x00000007a2484b50,0x00000007a5980000)
  from space 2048K, 98% used [0x00000007a5980000,0x00000007a5b795e0,0x00000007a5b80000)
  to   space 2560K, 0% used [0x00000007af800000,0x00000007af800000,0x00000007afa80000)
 ParOldGen       total 87552K, used 1891K [0x0000000740000000, 0x0000000745580000, 0x0000000795580000)
  object space 87552K, 2% used [0x0000000740000000,0x00000007401d8fd8,0x0000000745580000)
 Metaspace       used 8077K, capacity 8261K, committed 8320K, reserved 1056768K
  class space    used 816K, capacity 859K, committed 896K, reserved 1048576K
Event: 2.350 GC heap after
Heap after GC invocations=10 (full 0):
 PSYoungGen      total 427008K, used 2551K [0x0000000795580000, 0x00000007afd80000, 0x00000007c0000000)
  eden space 424448K, 0% used [0x0000000795580000,0x0000000795580000,0x00000007af400000)
  from space 2560K, 99% used [0x00000007af800000,0x00000007afa7de98,0x00000007afa80000)
  to   space 4096K, 0% used [0x00000007af400000,0x00000007af400000,0x00000007af800000)
 ParOldGen       total 87552K, used 4538K [0x0000000740000000, 0x0000000745580000, 0x0000000795580000)
  object space 87552K, 5% used [0x0000000740000000,0x000000074046e860,0x0000000745580000)
 Metaspace       used 8077K, capacity 8261K, committed 8320K, reserved 1056768K
  class space    used 816K, capacity 859K, committed 896K, reserved 1048576K
}

